Usage example: change_mofed_version.sh 4.5-1.0.1
[10/23/2020, 06:38:08 PM] WARNING (nni) Requesting parameter without NNI framework, returning empty dict
2020-10-23 18:38:16 | INFO | fairseq_cli.train | Namespace(activation_fn='gelu', adam_betas='(0.9, 0.999)', adam_eps=1e-08, adaptive_softmax_cutoff=None, adaptive_softmax_dropout=0, all_gather_list_size=16384, allow_tf32=0, arch='mbart_large', attention_dropout=0.1, benchmark=0, best_checkpoint_metric='loss', bf16=False, bpe=None, broadcast_buffers=False, bucket_cap_mb=25, checkpoint_suffix='', clip_norm=0.0, cpu=False, criterion='label_smoothed_cross_entropy', cross_self_attention=False, curriculum=0, data='/research/d3/zmwu/model/mbart_company_version/post_process/en-zh_half/', data_buffer_size=10, dataset_impl=None, ddp_backend='c10d', decoder_attention_heads=16, decoder_embed_dim=1024, decoder_embed_path=None, decoder_ffn_embed_dim=4096, decoder_input_dim=1024, decoder_langtok=True, decoder_layerdrop=0, decoder_layers=12, decoder_layers_to_keep=None, decoder_learned_pos=True, decoder_normalize_before=True, decoder_output_dim=1024, device_id=0, disable_validation=False, distributed_backend='nccl', distributed_init_method=None, distributed_no_spawn=False, distributed_num_procs=1, distributed_port=-1, distributed_rank=0, distributed_world_size=1, distributed_wrapper='DDP', dropout=0.0, empty_cache_freq=4, enable_lang_ids=False, enable_reservsed_directions_shared_datasets=False, encoder_attention_heads=16, encoder_embed_dim=1024, encoder_embed_path=None, encoder_ffn_embed_dim=4096, encoder_langtok='src', encoder_layerdrop=0, encoder_layers=12, encoder_layers_to_keep=None, encoder_learned_pos=True, encoder_normalize_before=True, extra_data=None, extra_lang_pairs=None, fast_stat_sync=False, find_unused_parameters=False, finetune_from_model='/research/d3/zmwu/model/mbart_company_version/mbart.cc25/model.pt', fix_batches_to_gpus=False, fixed_validation_seed=None, fp16=True, fp16_init_scale=128, fp16_no_flatten_grads=False, fp16_scale_tolerance=0.0, fp16_scale_window=None, inter=1, intra=2, keep_best_checkpoints=-1, keep_inference_langtok=False, keep_interval_updates=2, keep_last_epochs=-1, label_smoothing=0.1, lang_dict='/research/d3/zmwu/model/mbart_company_version/lang_list', lang_pairs='en_XX-zh_CN,zh_CN-en_XX', lang_tok_replacing_bos_eos=False, lang_tok_style='multilingual', langs=None, langtoks=None, langtoks_specs=['main'], layernorm_embedding=True, left_pad_source='True', left_pad_target='False', load_alignments=False, localsgd_frequency=3, log_format='simple', log_interval=1000, lr=[1e-05], lr_scheduler='inverse_sqrt', max_epoch=3, max_sentences=1, max_sentences_valid=1, max_source_positions=1024, max_target_positions=1024, max_tokens=2048, max_tokens_valid=2048, max_update=20000, maximize_best_checkpoint_metric=False, memory_efficient_bf16=False, memory_efficient_fp16=False, min_loss_scale=0.0001, min_lr=-1.0, model_parallel_size=1, no_cross_attention=False, no_epoch_checkpoints=True, no_last_checkpoints=False, no_progress_bar=False, no_save=False, no_save_optimizer_state=False, no_scale_embedding=False, no_seed_provided=False, no_token_positional_embeddings=False, nprocs_per_node=1, num_workers=1, optimizer='adam', optimizer_overrides='{}', patience=-1, pipeline_balance=None, pipeline_checkpoint='never', pipeline_chunks=None, pipeline_devices=None, pipeline_model_parallel=False, pooler_activation_fn='tanh', pooler_dropout=0.0, profile=False, quant_noise_pq=0, quant_noise_pq_block_size=8, quant_noise_scalar=0, quantization_config_path=None, relu_dropout=0.0, required_batch_size_multiple=8, reset_dataloader=False, reset_lr_scheduler=False, reset_meters=False, reset_optimizer=False, restore_file='checkpoint_last.pt', sampling_method='temperature', sampling_temperature=1.5, sampling_weights=None, sampling_weights_from_file=None, save_dir='/research/d3/zmwu/model/mbart_company_version/ckpt/STANDALONE', save_interval=1, save_interval_updates=20000, scoring='bleu', seed=222, sentence_avg=False, share_all_embeddings=True, share_decoder_input_output_embed=True, skip_invalid_size_inputs_valid_test=False, slowmo_algorithm='LocalSGD', slowmo_momentum=None, source_lang=None, stop_time_hours=0, target_lang=None, task='translation_multi_simple_epoch_nni', tensorboard_logdir='', threshold_loss_scale=None, tokenizer=None, tpu=False, train_subset='train', truncate_source=False, update_freq=[4], upsample_primary=1, use_bmuf=False, use_old_adam=False, user_dir='/research/d3/zmwu/model/mbart_company_version/mbart/', valid_subset='valid', validate_after_updates=0, validate_interval=1, validate_interval_updates=0, virtual_data_size=None, virtual_epoch_size=1000000, warmup_init_lr=-1, warmup_updates=2500, weight_decay=0.0, zero_sharding='none')
2020-10-23 18:38:16 | INFO | fairseq.data.multilingual.multilingual_data_manager | loaded language list from /research/d3/zmwu/model/mbart_company_version/lang_list as they are ordered in file
2020-10-23 18:38:17 | INFO | fairseq.data.multilingual.multilingual_data_manager | [en_XX] dictionary: 250026 types
2020-10-23 18:38:17 | INFO | fairseq.data.multilingual.multilingual_data_manager | [zh_CN] dictionary: 250026 types
2020-10-23 18:38:17 | INFO | mbart.translation_multi_simple_epoch_nni | loading data for valid epoch=1/None
2020-10-23 18:38:17 | INFO | fairseq.data.multilingual.multilingual_data_manager | langtoks settings: {'main': ('src', 'tgt')}
2020-10-23 18:38:17 | INFO | fairseq.data.multilingual.multilingual_data_manager | [valid] num of shards: {'main:en_XX-zh_CN': 1, 'main:zh_CN-en_XX': 1}
2020-10-23 18:38:17 | INFO | fairseq.data.multilingual.multilingual_data_manager | main:en_XX-zh_CN src_langtok: 250004; tgt_langtok: 250025
2020-10-23 18:38:17 | INFO | fairseq.data.data_utils | loaded 1000000 examples from: /research/d3/zmwu/model/mbart_company_version/post_process/en-zh_half/valid.en_XX-zh_CN.en_XX
2020-10-23 18:38:18 | INFO | fairseq.data.data_utils | loaded 1000000 examples from: /research/d3/zmwu/model/mbart_company_version/post_process/en-zh_half/valid.en_XX-zh_CN.zh_CN
2020-10-23 18:38:18 | INFO | fairseq.data.multilingual.multilingual_data_manager | /research/d3/zmwu/model/mbart_company_version/post_process/en-zh_half/ valid en_XX-zh_CN 1000000 examples
2020-10-23 18:38:18 | INFO | fairseq.data.multilingual.multilingual_data_manager | main:zh_CN-en_XX src_langtok: 250025; tgt_langtok: 250004
2020-10-23 18:38:18 | INFO | fairseq.data.data_utils | loaded 1000000 examples from: /research/d3/zmwu/model/mbart_company_version/post_process/en-zh_half/valid.en_XX-zh_CN.zh_CN
2020-10-23 18:38:18 | INFO | fairseq.data.data_utils | loaded 1000000 examples from: /research/d3/zmwu/model/mbart_company_version/post_process/en-zh_half/valid.en_XX-zh_CN.en_XX
2020-10-23 18:38:18 | INFO | fairseq.data.multilingual.multilingual_data_manager | /research/d3/zmwu/model/mbart_company_version/post_process/en-zh_half/ valid zh_CN-en_XX 1000000 examples
2020-10-23 18:38:42 | INFO | fairseq_cli.train | BARTModel(
  (encoder): TransformerEncoder(
    (dropout_module): FairseqDropout()
    (embed_tokens): Embedding(250026, 1024, padding_idx=1)
    (embed_positions): LearnedPositionalEmbedding(1026, 1024, padding_idx=1)
    (layernorm_embedding): FusedLayerNorm(torch.Size([1024]), eps=1e-05, elementwise_affine=True)
    (layers): ModuleList(
      (0): TransformerEncoderLayer(
        (self_attn): MultiheadAttention(
          (dropout_module): FairseqDropout()
          (k_proj): Linear(in_features=1024, out_features=1024, bias=True)
          (v_proj): Linear(in_features=1024, out_features=1024, bias=True)
          (q_proj): Linear(in_features=1024, out_features=1024, bias=True)
          (out_proj): Linear(in_features=1024, out_features=1024, bias=True)
        )
        (self_attn_layer_norm): FusedLayerNorm(torch.Size([1024]), eps=1e-05, elementwise_affine=True)
        (dropout_module): FairseqDropout()
        (activation_dropout_module): FairseqDropout()
        (fc1): Linear(in_features=1024, out_features=4096, bias=True)
        (fc2): Linear(in_features=4096, out_features=1024, bias=True)
        (final_layer_norm): FusedLayerNorm(torch.Size([1024]), eps=1e-05, elementwise_affine=True)
      )
      (1): TransformerEncoderLayer(
        (self_attn): MultiheadAttention(
          (dropout_module): FairseqDropout()
          (k_proj): Linear(in_features=1024, out_features=1024, bias=True)
          (v_proj): Linear(in_features=1024, out_features=1024, bias=True)
          (q_proj): Linear(in_features=1024, out_features=1024, bias=True)
          (out_proj): Linear(in_features=1024, out_features=1024, bias=True)
        )
        (self_attn_layer_norm): FusedLayerNorm(torch.Size([1024]), eps=1e-05, elementwise_affine=True)
        (dropout_module): FairseqDropout()
        (activation_dropout_module): FairseqDropout()
        (fc1): Linear(in_features=1024, out_features=4096, bias=True)
        (fc2): Linear(in_features=4096, out_features=1024, bias=True)
        (final_layer_norm): FusedLayerNorm(torch.Size([1024]), eps=1e-05, elementwise_affine=True)
      )
      (2): TransformerEncoderLayer(
        (self_attn): MultiheadAttention(
          (dropout_module): FairseqDropout()
          (k_proj): Linear(in_features=1024, out_features=1024, bias=True)
          (v_proj): Linear(in_features=1024, out_features=1024, bias=True)
          (q_proj): Linear(in_features=1024, out_features=1024, bias=True)
          (out_proj): Linear(in_features=1024, out_features=1024, bias=True)
        )
        (self_attn_layer_norm): FusedLayerNorm(torch.Size([1024]), eps=1e-05, elementwise_affine=True)
        (dropout_module): FairseqDropout()
        (activation_dropout_module): FairseqDropout()
        (fc1): Linear(in_features=1024, out_features=4096, bias=True)
        (fc2): Linear(in_features=4096, out_features=1024, bias=True)
        (final_layer_norm): FusedLayerNorm(torch.Size([1024]), eps=1e-05, elementwise_affine=True)
      )
      (3): TransformerEncoderLayer(
        (self_attn): MultiheadAttention(
          (dropout_module): FairseqDropout()
          (k_proj): Linear(in_features=1024, out_features=1024, bias=True)
          (v_proj): Linear(in_features=1024, out_features=1024, bias=True)
          (q_proj): Linear(in_features=1024, out_features=1024, bias=True)
          (out_proj): Linear(in_features=1024, out_features=1024, bias=True)
        )
        (self_attn_layer_norm): FusedLayerNorm(torch.Size([1024]), eps=1e-05, elementwise_affine=True)
        (dropout_module): FairseqDropout()
        (activation_dropout_module): FairseqDropout()
        (fc1): Linear(in_features=1024, out_features=4096, bias=True)
        (fc2): Linear(in_features=4096, out_features=1024, bias=True)
        (final_layer_norm): FusedLayerNorm(torch.Size([1024]), eps=1e-05, elementwise_affine=True)
      )
      (4): TransformerEncoderLayer(
        (self_attn): MultiheadAttention(
          (dropout_module): FairseqDropout()
          (k_proj): Linear(in_features=1024, out_features=1024, bias=True)
          (v_proj): Linear(in_features=1024, out_features=1024, bias=True)
          (q_proj): Linear(in_features=1024, out_features=1024, bias=True)
          (out_proj): Linear(in_features=1024, out_features=1024, bias=True)
        )
        (self_attn_layer_norm): FusedLayerNorm(torch.Size([1024]), eps=1e-05, elementwise_affine=True)
        (dropout_module): FairseqDropout()
        (activation_dropout_module): FairseqDropout()
        (fc1): Linear(in_features=1024, out_features=4096, bias=True)
        (fc2): Linear(in_features=4096, out_features=1024, bias=True)
        (final_layer_norm): FusedLayerNorm(torch.Size([1024]), eps=1e-05, elementwise_affine=True)
      )
      (5): TransformerEncoderLayer(
        (self_attn): MultiheadAttention(
          (dropout_module): FairseqDropout()
          (k_proj): Linear(in_features=1024, out_features=1024, bias=True)
          (v_proj): Linear(in_features=1024, out_features=1024, bias=True)
          (q_proj): Linear(in_features=1024, out_features=1024, bias=True)
          (out_proj): Linear(in_features=1024, out_features=1024, bias=True)
        )
        (self_attn_layer_norm): FusedLayerNorm(torch.Size([1024]), eps=1e-05, elementwise_affine=True)
        (dropout_module): FairseqDropout()
        (activation_dropout_module): FairseqDropout()
        (fc1): Linear(in_features=1024, out_features=4096, bias=True)
        (fc2): Linear(in_features=4096, out_features=1024, bias=True)
        (final_layer_norm): FusedLayerNorm(torch.Size([1024]), eps=1e-05, elementwise_affine=True)
      )
      (6): TransformerEncoderLayer(
        (self_attn): MultiheadAttention(
          (dropout_module): FairseqDropout()
          (k_proj): Linear(in_features=1024, out_features=1024, bias=True)
          (v_proj): Linear(in_features=1024, out_features=1024, bias=True)
          (q_proj): Linear(in_features=1024, out_features=1024, bias=True)
          (out_proj): Linear(in_features=1024, out_features=1024, bias=True)
        )
        (self_attn_layer_norm): FusedLayerNorm(torch.Size([1024]), eps=1e-05, elementwise_affine=True)
        (dropout_module): FairseqDropout()
        (activation_dropout_module): FairseqDropout()
        (fc1): Linear(in_features=1024, out_features=4096, bias=True)
        (fc2): Linear(in_features=4096, out_features=1024, bias=True)
        (final_layer_norm): FusedLayerNorm(torch.Size([1024]), eps=1e-05, elementwise_affine=True)
      )
      (7): TransformerEncoderLayer(
        (self_attn): MultiheadAttention(
          (dropout_module): FairseqDropout()
          (k_proj): Linear(in_features=1024, out_features=1024, bias=True)
          (v_proj): Linear(in_features=1024, out_features=1024, bias=True)
          (q_proj): Linear(in_features=1024, out_features=1024, bias=True)
          (out_proj): Linear(in_features=1024, out_features=1024, bias=True)
        )
        (self_attn_layer_norm): FusedLayerNorm(torch.Size([1024]), eps=1e-05, elementwise_affine=True)
        (dropout_module): FairseqDropout()
        (activation_dropout_module): FairseqDropout()
        (fc1): Linear(in_features=1024, out_features=4096, bias=True)
        (fc2): Linear(in_features=4096, out_features=1024, bias=True)
        (final_layer_norm): FusedLayerNorm(torch.Size([1024]), eps=1e-05, elementwise_affine=True)
      )
      (8): TransformerEncoderLayer(
        (self_attn): MultiheadAttention(
          (dropout_module): FairseqDropout()
          (k_proj): Linear(in_features=1024, out_features=1024, bias=True)
          (v_proj): Linear(in_features=1024, out_features=1024, bias=True)
          (q_proj): Linear(in_features=1024, out_features=1024, bias=True)
          (out_proj): Linear(in_features=1024, out_features=1024, bias=True)
        )
        (self_attn_layer_norm): FusedLayerNorm(torch.Size([1024]), eps=1e-05, elementwise_affine=True)
        (dropout_module): FairseqDropout()
        (activation_dropout_module): FairseqDropout()
        (fc1): Linear(in_features=1024, out_features=4096, bias=True)
        (fc2): Linear(in_features=4096, out_features=1024, bias=True)
        (final_layer_norm): FusedLayerNorm(torch.Size([1024]), eps=1e-05, elementwise_affine=True)
      )
      (9): TransformerEncoderLayer(
        (self_attn): MultiheadAttention(
          (dropout_module): FairseqDropout()
          (k_proj): Linear(in_features=1024, out_features=1024, bias=True)
          (v_proj): Linear(in_features=1024, out_features=1024, bias=True)
          (q_proj): Linear(in_features=1024, out_features=1024, bias=True)
          (out_proj): Linear(in_features=1024, out_features=1024, bias=True)
        )
        (self_attn_layer_norm): FusedLayerNorm(torch.Size([1024]), eps=1e-05, elementwise_affine=True)
        (dropout_module): FairseqDropout()
        (activation_dropout_module): FairseqDropout()
        (fc1): Linear(in_features=1024, out_features=4096, bias=True)
        (fc2): Linear(in_features=4096, out_features=1024, bias=True)
        (final_layer_norm): FusedLayerNorm(torch.Size([1024]), eps=1e-05, elementwise_affine=True)
      )
      (10): TransformerEncoderLayer(
        (self_attn): MultiheadAttention(
          (dropout_module): FairseqDropout()
          (k_proj): Linear(in_features=1024, out_features=1024, bias=True)
          (v_proj): Linear(in_features=1024, out_features=1024, bias=True)
          (q_proj): Linear(in_features=1024, out_features=1024, bias=True)
          (out_proj): Linear(in_features=1024, out_features=1024, bias=True)
        )
        (self_attn_layer_norm): FusedLayerNorm(torch.Size([1024]), eps=1e-05, elementwise_affine=True)
        (dropout_module): FairseqDropout()
        (activation_dropout_module): FairseqDropout()
        (fc1): Linear(in_features=1024, out_features=4096, bias=True)
        (fc2): Linear(in_features=4096, out_features=1024, bias=True)
        (final_layer_norm): FusedLayerNorm(torch.Size([1024]), eps=1e-05, elementwise_affine=True)
      )
      (11): TransformerEncoderLayer(
        (self_attn): MultiheadAttention(
          (dropout_module): FairseqDropout()
          (k_proj): Linear(in_features=1024, out_features=1024, bias=True)
          (v_proj): Linear(in_features=1024, out_features=1024, bias=True)
          (q_proj): Linear(in_features=1024, out_features=1024, bias=True)
          (out_proj): Linear(in_features=1024, out_features=1024, bias=True)
        )
        (self_attn_layer_norm): FusedLayerNorm(torch.Size([1024]), eps=1e-05, elementwise_affine=True)
        (dropout_module): FairseqDropout()
        (activation_dropout_module): FairseqDropout()
        (fc1): Linear(in_features=1024, out_features=4096, bias=True)
        (fc2): Linear(in_features=4096, out_features=1024, bias=True)
        (final_layer_norm): FusedLayerNorm(torch.Size([1024]), eps=1e-05, elementwise_affine=True)
      )
    )
    (layer_norm): FusedLayerNorm(torch.Size([1024]), eps=1e-05, elementwise_affine=True)
  )
  (decoder): TransformerDecoder(
    (dropout_module): FairseqDropout()
    (embed_tokens): Embedding(250026, 1024, padding_idx=1)
    (embed_positions): LearnedPositionalEmbedding(1026, 1024, padding_idx=1)
    (layernorm_embedding): FusedLayerNorm(torch.Size([1024]), eps=1e-05, elementwise_affine=True)
    (layers): ModuleList(
      (0): TransformerDecoderLayer(
        (dropout_module): FairseqDropout()
        (self_attn): MultiheadAttention(
          (dropout_module): FairseqDropout()
          (k_proj): Linear(in_features=1024, out_features=1024, bias=True)
          (v_proj): Linear(in_features=1024, out_features=1024, bias=True)
          (q_proj): Linear(in_features=1024, out_features=1024, bias=True)
          (out_proj): Linear(in_features=1024, out_features=1024, bias=True)
        )
        (activation_dropout_module): FairseqDropout()
        (self_attn_layer_norm): FusedLayerNorm(torch.Size([1024]), eps=1e-05, elementwise_affine=True)
        (encoder_attn): MultiheadAttention(
          (dropout_module): FairseqDropout()
          (k_proj): Linear(in_features=1024, out_features=1024, bias=True)
          (v_proj): Linear(in_features=1024, out_features=1024, bias=True)
          (q_proj): Linear(in_features=1024, out_features=1024, bias=True)
          (out_proj): Linear(in_features=1024, out_features=1024, bias=True)
        )
        (encoder_attn_layer_norm): FusedLayerNorm(torch.Size([1024]), eps=1e-05, elementwise_affine=True)
        (fc1): Linear(in_features=1024, out_features=4096, bias=True)
        (fc2): Linear(in_features=4096, out_features=1024, bias=True)
        (final_layer_norm): FusedLayerNorm(torch.Size([1024]), eps=1e-05, elementwise_affine=True)
      )
      (1): TransformerDecoderLayer(
        (dropout_module): FairseqDropout()
        (self_attn): MultiheadAttention(
          (dropout_module): FairseqDropout()
          (k_proj): Linear(in_features=1024, out_features=1024, bias=True)
          (v_proj): Linear(in_features=1024, out_features=1024, bias=True)
          (q_proj): Linear(in_features=1024, out_features=1024, bias=True)
          (out_proj): Linear(in_features=1024, out_features=1024, bias=True)
        )
        (activation_dropout_module): FairseqDropout()
        (self_attn_layer_norm): FusedLayerNorm(torch.Size([1024]), eps=1e-05, elementwise_affine=True)
        (encoder_attn): MultiheadAttention(
          (dropout_module): FairseqDropout()
          (k_proj): Linear(in_features=1024, out_features=1024, bias=True)
          (v_proj): Linear(in_features=1024, out_features=1024, bias=True)
          (q_proj): Linear(in_features=1024, out_features=1024, bias=True)
          (out_proj): Linear(in_features=1024, out_features=1024, bias=True)
        )
        (encoder_attn_layer_norm): FusedLayerNorm(torch.Size([1024]), eps=1e-05, elementwise_affine=True)
        (fc1): Linear(in_features=1024, out_features=4096, bias=True)
        (fc2): Linear(in_features=4096, out_features=1024, bias=True)
        (final_layer_norm): FusedLayerNorm(torch.Size([1024]), eps=1e-05, elementwise_affine=True)
      )
      (2): TransformerDecoderLayer(
        (dropout_module): FairseqDropout()
        (self_attn): MultiheadAttention(
          (dropout_module): FairseqDropout()
          (k_proj): Linear(in_features=1024, out_features=1024, bias=True)
          (v_proj): Linear(in_features=1024, out_features=1024, bias=True)
          (q_proj): Linear(in_features=1024, out_features=1024, bias=True)
          (out_proj): Linear(in_features=1024, out_features=1024, bias=True)
        )
        (activation_dropout_module): FairseqDropout()
        (self_attn_layer_norm): FusedLayerNorm(torch.Size([1024]), eps=1e-05, elementwise_affine=True)
        (encoder_attn): MultiheadAttention(
          (dropout_module): FairseqDropout()
          (k_proj): Linear(in_features=1024, out_features=1024, bias=True)
          (v_proj): Linear(in_features=1024, out_features=1024, bias=True)
          (q_proj): Linear(in_features=1024, out_features=1024, bias=True)
          (out_proj): Linear(in_features=1024, out_features=1024, bias=True)
        )
        (encoder_attn_layer_norm): FusedLayerNorm(torch.Size([1024]), eps=1e-05, elementwise_affine=True)
        (fc1): Linear(in_features=1024, out_features=4096, bias=True)
        (fc2): Linear(in_features=4096, out_features=1024, bias=True)
        (final_layer_norm): FusedLayerNorm(torch.Size([1024]), eps=1e-05, elementwise_affine=True)
      )
      (3): TransformerDecoderLayer(
        (dropout_module): FairseqDropout()
        (self_attn): MultiheadAttention(
          (dropout_module): FairseqDropout()
          (k_proj): Linear(in_features=1024, out_features=1024, bias=True)
          (v_proj): Linear(in_features=1024, out_features=1024, bias=True)
          (q_proj): Linear(in_features=1024, out_features=1024, bias=True)
          (out_proj): Linear(in_features=1024, out_features=1024, bias=True)
        )
        (activation_dropout_module): FairseqDropout()
        (self_attn_layer_norm): FusedLayerNorm(torch.Size([1024]), eps=1e-05, elementwise_affine=True)
        (encoder_attn): MultiheadAttention(
          (dropout_module): FairseqDropout()
          (k_proj): Linear(in_features=1024, out_features=1024, bias=True)
          (v_proj): Linear(in_features=1024, out_features=1024, bias=True)
          (q_proj): Linear(in_features=1024, out_features=1024, bias=True)
          (out_proj): Linear(in_features=1024, out_features=1024, bias=True)
        )
        (encoder_attn_layer_norm): FusedLayerNorm(torch.Size([1024]), eps=1e-05, elementwise_affine=True)
        (fc1): Linear(in_features=1024, out_features=4096, bias=True)
        (fc2): Linear(in_features=4096, out_features=1024, bias=True)
        (final_layer_norm): FusedLayerNorm(torch.Size([1024]), eps=1e-05, elementwise_affine=True)
      )
      (4): TransformerDecoderLayer(
        (dropout_module): FairseqDropout()
        (self_attn): MultiheadAttention(
          (dropout_module): FairseqDropout()
          (k_proj): Linear(in_features=1024, out_features=1024, bias=True)
          (v_proj): Linear(in_features=1024, out_features=1024, bias=True)
          (q_proj): Linear(in_features=1024, out_features=1024, bias=True)
          (out_proj): Linear(in_features=1024, out_features=1024, bias=True)
        )
        (activation_dropout_module): FairseqDropout()
        (self_attn_layer_norm): FusedLayerNorm(torch.Size([1024]), eps=1e-05, elementwise_affine=True)
        (encoder_attn): MultiheadAttention(
          (dropout_module): FairseqDropout()
          (k_proj): Linear(in_features=1024, out_features=1024, bias=True)
          (v_proj): Linear(in_features=1024, out_features=1024, bias=True)
          (q_proj): Linear(in_features=1024, out_features=1024, bias=True)
          (out_proj): Linear(in_features=1024, out_features=1024, bias=True)
        )
        (encoder_attn_layer_norm): FusedLayerNorm(torch.Size([1024]), eps=1e-05, elementwise_affine=True)
        (fc1): Linear(in_features=1024, out_features=4096, bias=True)
        (fc2): Linear(in_features=4096, out_features=1024, bias=True)
        (final_layer_norm): FusedLayerNorm(torch.Size([1024]), eps=1e-05, elementwise_affine=True)
      )
      (5): TransformerDecoderLayer(
        (dropout_module): FairseqDropout()
        (self_attn): MultiheadAttention(
          (dropout_module): FairseqDropout()
          (k_proj): Linear(in_features=1024, out_features=1024, bias=True)
          (v_proj): Linear(in_features=1024, out_features=1024, bias=True)
          (q_proj): Linear(in_features=1024, out_features=1024, bias=True)
          (out_proj): Linear(in_features=1024, out_features=1024, bias=True)
        )
        (activation_dropout_module): FairseqDropout()
        (self_attn_layer_norm): FusedLayerNorm(torch.Size([1024]), eps=1e-05, elementwise_affine=True)
        (encoder_attn): MultiheadAttention(
          (dropout_module): FairseqDropout()
          (k_proj): Linear(in_features=1024, out_features=1024, bias=True)
          (v_proj): Linear(in_features=1024, out_features=1024, bias=True)
          (q_proj): Linear(in_features=1024, out_features=1024, bias=True)
          (out_proj): Linear(in_features=1024, out_features=1024, bias=True)
        )
        (encoder_attn_layer_norm): FusedLayerNorm(torch.Size([1024]), eps=1e-05, elementwise_affine=True)
        (fc1): Linear(in_features=1024, out_features=4096, bias=True)
        (fc2): Linear(in_features=4096, out_features=1024, bias=True)
        (final_layer_norm): FusedLayerNorm(torch.Size([1024]), eps=1e-05, elementwise_affine=True)
      )
      (6): TransformerDecoderLayer(
        (dropout_module): FairseqDropout()
        (self_attn): MultiheadAttention(
          (dropout_module): FairseqDropout()
          (k_proj): Linear(in_features=1024, out_features=1024, bias=True)
          (v_proj): Linear(in_features=1024, out_features=1024, bias=True)
          (q_proj): Linear(in_features=1024, out_features=1024, bias=True)
          (out_proj): Linear(in_features=1024, out_features=1024, bias=True)
        )
        (activation_dropout_module): FairseqDropout()
        (self_attn_layer_norm): FusedLayerNorm(torch.Size([1024]), eps=1e-05, elementwise_affine=True)
        (encoder_attn): MultiheadAttention(
          (dropout_module): FairseqDropout()
          (k_proj): Linear(in_features=1024, out_features=1024, bias=True)
          (v_proj): Linear(in_features=1024, out_features=1024, bias=True)
          (q_proj): Linear(in_features=1024, out_features=1024, bias=True)
          (out_proj): Linear(in_features=1024, out_features=1024, bias=True)
        )
        (encoder_attn_layer_norm): FusedLayerNorm(torch.Size([1024]), eps=1e-05, elementwise_affine=True)
        (fc1): Linear(in_features=1024, out_features=4096, bias=True)
        (fc2): Linear(in_features=4096, out_features=1024, bias=True)
        (final_layer_norm): FusedLayerNorm(torch.Size([1024]), eps=1e-05, elementwise_affine=True)
      )
      (7): TransformerDecoderLayer(
        (dropout_module): FairseqDropout()
        (self_attn): MultiheadAttention(
          (dropout_module): FairseqDropout()
          (k_proj): Linear(in_features=1024, out_features=1024, bias=True)
          (v_proj): Linear(in_features=1024, out_features=1024, bias=True)
          (q_proj): Linear(in_features=1024, out_features=1024, bias=True)
          (out_proj): Linear(in_features=1024, out_features=1024, bias=True)
        )
        (activation_dropout_module): FairseqDropout()
        (self_attn_layer_norm): FusedLayerNorm(torch.Size([1024]), eps=1e-05, elementwise_affine=True)
        (encoder_attn): MultiheadAttention(
          (dropout_module): FairseqDropout()
          (k_proj): Linear(in_features=1024, out_features=1024, bias=True)
          (v_proj): Linear(in_features=1024, out_features=1024, bias=True)
          (q_proj): Linear(in_features=1024, out_features=1024, bias=True)
          (out_proj): Linear(in_features=1024, out_features=1024, bias=True)
        )
        (encoder_attn_layer_norm): FusedLayerNorm(torch.Size([1024]), eps=1e-05, elementwise_affine=True)
        (fc1): Linear(in_features=1024, out_features=4096, bias=True)
        (fc2): Linear(in_features=4096, out_features=1024, bias=True)
        (final_layer_norm): FusedLayerNorm(torch.Size([1024]), eps=1e-05, elementwise_affine=True)
      )
      (8): TransformerDecoderLayer(
        (dropout_module): FairseqDropout()
        (self_attn): MultiheadAttention(
          (dropout_module): FairseqDropout()
          (k_proj): Linear(in_features=1024, out_features=1024, bias=True)
          (v_proj): Linear(in_features=1024, out_features=1024, bias=True)
          (q_proj): Linear(in_features=1024, out_features=1024, bias=True)
          (out_proj): Linear(in_features=1024, out_features=1024, bias=True)
        )
        (activation_dropout_module): FairseqDropout()
        (self_attn_layer_norm): FusedLayerNorm(torch.Size([1024]), eps=1e-05, elementwise_affine=True)
        (encoder_attn): MultiheadAttention(
          (dropout_module): FairseqDropout()
          (k_proj): Linear(in_features=1024, out_features=1024, bias=True)
          (v_proj): Linear(in_features=1024, out_features=1024, bias=True)
          (q_proj): Linear(in_features=1024, out_features=1024, bias=True)
          (out_proj): Linear(in_features=1024, out_features=1024, bias=True)
        )
        (encoder_attn_layer_norm): FusedLayerNorm(torch.Size([1024]), eps=1e-05, elementwise_affine=True)
        (fc1): Linear(in_features=1024, out_features=4096, bias=True)
        (fc2): Linear(in_features=4096, out_features=1024, bias=True)
        (final_layer_norm): FusedLayerNorm(torch.Size([1024]), eps=1e-05, elementwise_affine=True)
      )
      (9): TransformerDecoderLayer(
        (dropout_module): FairseqDropout()
        (self_attn): MultiheadAttention(
          (dropout_module): FairseqDropout()
          (k_proj): Linear(in_features=1024, out_features=1024, bias=True)
          (v_proj): Linear(in_features=1024, out_features=1024, bias=True)
          (q_proj): Linear(in_features=1024, out_features=1024, bias=True)
          (out_proj): Linear(in_features=1024, out_features=1024, bias=True)
        )
        (activation_dropout_module): FairseqDropout()
        (self_attn_layer_norm): FusedLayerNorm(torch.Size([1024]), eps=1e-05, elementwise_affine=True)
        (encoder_attn): MultiheadAttention(
          (dropout_module): FairseqDropout()
          (k_proj): Linear(in_features=1024, out_features=1024, bias=True)
          (v_proj): Linear(in_features=1024, out_features=1024, bias=True)
          (q_proj): Linear(in_features=1024, out_features=1024, bias=True)
          (out_proj): Linear(in_features=1024, out_features=1024, bias=True)
        )
        (encoder_attn_layer_norm): FusedLayerNorm(torch.Size([1024]), eps=1e-05, elementwise_affine=True)
        (fc1): Linear(in_features=1024, out_features=4096, bias=True)
        (fc2): Linear(in_features=4096, out_features=1024, bias=True)
        (final_layer_norm): FusedLayerNorm(torch.Size([1024]), eps=1e-05, elementwise_affine=True)
      )
      (10): TransformerDecoderLayer(
        (dropout_module): FairseqDropout()
        (self_attn): MultiheadAttention(
          (dropout_module): FairseqDropout()
          (k_proj): Linear(in_features=1024, out_features=1024, bias=True)
          (v_proj): Linear(in_features=1024, out_features=1024, bias=True)
          (q_proj): Linear(in_features=1024, out_features=1024, bias=True)
          (out_proj): Linear(in_features=1024, out_features=1024, bias=True)
        )
        (activation_dropout_module): FairseqDropout()
        (self_attn_layer_norm): FusedLayerNorm(torch.Size([1024]), eps=1e-05, elementwise_affine=True)
        (encoder_attn): MultiheadAttention(
          (dropout_module): FairseqDropout()
          (k_proj): Linear(in_features=1024, out_features=1024, bias=True)
          (v_proj): Linear(in_features=1024, out_features=1024, bias=True)
          (q_proj): Linear(in_features=1024, out_features=1024, bias=True)
          (out_proj): Linear(in_features=1024, out_features=1024, bias=True)
        )
        (encoder_attn_layer_norm): FusedLayerNorm(torch.Size([1024]), eps=1e-05, elementwise_affine=True)
        (fc1): Linear(in_features=1024, out_features=4096, bias=True)
        (fc2): Linear(in_features=4096, out_features=1024, bias=True)
        (final_layer_norm): FusedLayerNorm(torch.Size([1024]), eps=1e-05, elementwise_affine=True)
      )
      (11): TransformerDecoderLayer(
        (dropout_module): FairseqDropout()
        (self_attn): MultiheadAttention(
          (dropout_module): FairseqDropout()
          (k_proj): Linear(in_features=1024, out_features=1024, bias=True)
          (v_proj): Linear(in_features=1024, out_features=1024, bias=True)
          (q_proj): Linear(in_features=1024, out_features=1024, bias=True)
          (out_proj): Linear(in_features=1024, out_features=1024, bias=True)
        )
        (activation_dropout_module): FairseqDropout()
        (self_attn_layer_norm): FusedLayerNorm(torch.Size([1024]), eps=1e-05, elementwise_affine=True)
        (encoder_attn): MultiheadAttention(
          (dropout_module): FairseqDropout()
          (k_proj): Linear(in_features=1024, out_features=1024, bias=True)
          (v_proj): Linear(in_features=1024, out_features=1024, bias=True)
          (q_proj): Linear(in_features=1024, out_features=1024, bias=True)
          (out_proj): Linear(in_features=1024, out_features=1024, bias=True)
        )
        (encoder_attn_layer_norm): FusedLayerNorm(torch.Size([1024]), eps=1e-05, elementwise_affine=True)
        (fc1): Linear(in_features=1024, out_features=4096, bias=True)
        (fc2): Linear(in_features=4096, out_features=1024, bias=True)
        (final_layer_norm): FusedLayerNorm(torch.Size([1024]), eps=1e-05, elementwise_affine=True)
      )
    )
    (layer_norm): FusedLayerNorm(torch.Size([1024]), eps=1e-05, elementwise_affine=True)
    (output_projection): Linear(in_features=1024, out_features=250026, bias=False)
  )
  (classification_heads): ModuleDict()
)
2020-10-23 18:38:42 | INFO | fairseq_cli.train | task: translation_multi_simple_epoch_nni (TranslationMultiSimpleEpochNNITask)
2020-10-23 18:38:42 | INFO | fairseq_cli.train | model: mbart_large (BARTModel)
2020-10-23 18:38:42 | INFO | fairseq_cli.train | criterion: label_smoothed_cross_entropy (LabelSmoothedCrossEntropyCriterion)
2020-10-23 18:38:42 | INFO | fairseq_cli.train | num. model params: 610850816 (num. trained: 610850816)
2020-10-23 18:38:49 | INFO | fairseq.trainer | detected shared parameter: encoder.embed_tokens.weight <- decoder.embed_tokens.weight
2020-10-23 18:38:49 | INFO | fairseq.trainer | detected shared parameter: encoder.embed_tokens.weight <- decoder.output_projection.weight
2020-10-23 18:38:49 | INFO | fairseq.utils | ***********************CUDA enviroments for all 1 workers***********************
2020-10-23 18:38:49 | INFO | fairseq.utils | rank   0: capabilities =  7.5  ; total memory = 23.653 GB ; name = TITAN RTX                               
2020-10-23 18:38:49 | INFO | fairseq.utils | ***********************CUDA enviroments for all 1 workers***********************
2020-10-23 18:38:49 | INFO | fairseq_cli.train | training on 1 devices (GPUs/TPUs)
2020-10-23 18:38:49 | INFO | fairseq_cli.train | max tokens per GPU = 2048 and max sentences per GPU = 1
2020-10-23 18:38:49 | INFO | fairseq.checkpoint_utils | loading pretrained model from /research/d3/zmwu/model/mbart_company_version/mbart.cc25/model.pt: optimizer, lr scheduler, meters, dataloader will be reset
2020-10-23 18:39:00 | INFO | fairseq.trainer | loaded checkpoint /research/d3/zmwu/model/mbart_company_version/mbart.cc25/model.pt (epoch 142 @ 0 updates)
2020-10-23 18:39:00 | INFO | fairseq.optim.adam | using FusedAdam
2020-10-23 18:39:00 | INFO | fairseq.trainer | loading train data for epoch 1
2020-10-23 18:39:00 | INFO | mbart.translation_multi_simple_epoch_nni | loading data for train epoch=1/None
2020-10-23 18:39:00 | INFO | fairseq.data.multilingual.multilingual_data_manager | langtoks settings: {'main': ('src', 'tgt')}
2020-10-23 18:39:00 | INFO | fairseq.data.multilingual.multilingual_data_manager | [train] num of shards: {'main:en_XX-zh_CN': 1, 'main:zh_CN-en_XX': 1}
2020-10-23 18:39:00 | INFO | fairseq.data.multilingual.multilingual_data_manager | main:en_XX-zh_CN src_langtok: 250004; tgt_langtok: 250025
2020-10-23 18:39:01 | INFO | fairseq.data.data_utils | loaded 5900000 examples from: /research/d3/zmwu/model/mbart_company_version/post_process/en-zh_half/train.en_XX-zh_CN.en_XX
2020-10-23 18:39:03 | INFO | fairseq.data.data_utils | loaded 5900000 examples from: /research/d3/zmwu/model/mbart_company_version/post_process/en-zh_half/train.en_XX-zh_CN.zh_CN
2020-10-23 18:39:03 | INFO | fairseq.data.multilingual.multilingual_data_manager | /research/d3/zmwu/model/mbart_company_version/post_process/en-zh_half/ train en_XX-zh_CN 5900000 examples
2020-10-23 18:39:03 | INFO | fairseq.data.multilingual.multilingual_data_manager | main:zh_CN-en_XX src_langtok: 250025; tgt_langtok: 250004
2020-10-23 18:39:03 | INFO | fairseq.data.data_utils | loaded 5900000 examples from: /research/d3/zmwu/model/mbart_company_version/post_process/en-zh_half/train.en_XX-zh_CN.zh_CN
2020-10-23 18:39:04 | INFO | fairseq.data.data_utils | loaded 5900000 examples from: /research/d3/zmwu/model/mbart_company_version/post_process/en-zh_half/train.en_XX-zh_CN.en_XX
2020-10-23 18:39:04 | INFO | fairseq.data.multilingual.multilingual_data_manager | /research/d3/zmwu/model/mbart_company_version/post_process/en-zh_half/ train zh_CN-en_XX 5900000 examples
2020-10-23 18:39:04 | INFO | fairseq.data.multilingual.multilingual_data_manager | data sizes multiplied by num_shards used in sampling ratios: [('main:en_XX-zh_CN', 5900000), ('main:zh_CN-en_XX', 5900000)]
2020-10-23 18:39:04 | INFO | fairseq.data.multilingual.sampling_method | selected sampler: temperature
2020-10-23 18:39:04 | INFO | fairseq.data.multilingual.multilingual_data_manager | | Upsample ratios: [('main:en_XX-zh_CN', 0.6299605249474366), ('main:zh_CN-en_XX', 0.6299605249474366)]
2020-10-23 18:39:04 | INFO | fairseq.data.multilingual.sampled_multi_epoch_dataset | virtual epoch size 1000000; virtual dataset size 11800000
2020-10-23 18:39:04 | INFO | fairseq.data.multilingual.sampled_multi_epoch_dataset | establishing a new set of global virtual indices for epoch=1/shard_epoch=1
2020-10-23 18:39:04 | INFO | fairseq.data.multilingual.sampled_multi_dataset | [train] Raw sizes: {'main:en_XX-zh_CN': 5900000, 'main:zh_CN-en_XX': 5900000}; raw total size: 11800000
2020-10-23 18:39:04 | INFO | fairseq.data.multilingual.sampled_multi_dataset | [train] Resampled sizes: {'main:en_XX-zh_CN': 5900000, 'main:zh_CN-en_XX': 5900000}; resampled total size: 11800000
2020-10-23 18:39:04 | INFO | fairseq.data.multilingual.sampled_multi_dataset | [train] Upsampling ratios: {'main:en_XX-zh_CN': 0.6299605249474366, 'main:zh_CN-en_XX': 0.6299605249474366}
2020-10-23 18:39:09 | INFO | fairseq.data.multilingual.sampled_multi_epoch_dataset | sizes() calling time: 0:00:03.698135
2020-10-23 18:39:14 | WARNING | fairseq.tasks.fairseq_task | 10 samples have invalid sizes and will be skipped, max_positions=(1024, 1024), first few sample ids=[639120, 199661, 195087, 831274, 290465, 233622, 29316, 547539, 697929, 942609]
2020-10-23 18:39:19 | INFO | fairseq.trainer | begin training epoch 1
2020-10-23 18:39:22 | INFO | fairseq.trainer | NOTE: overflow detected, setting loss scale to: 64.0
2020-10-23 18:39:23 | INFO | fairseq.trainer | NOTE: overflow detected, setting loss scale to: 32.0
2020-10-23 18:39:23 | INFO | fairseq.trainer | NOTE: overflow detected, setting loss scale to: 16.0
2020-10-23 18:39:24 | INFO | fairseq.trainer | NOTE: overflow detected, setting loss scale to: 8.0
2020-10-23 18:39:26 | INFO | fairseq.trainer | NOTE: overflow detected, setting loss scale to: 4.0
2020-10-23 18:39:27 | INFO | fairseq.trainer | NOTE: overflow detected, setting loss scale to: 2.0
2020-10-23 18:39:27 | INFO | fairseq.trainer | NOTE: overflow detected, setting loss scale to: 1.0
2020-10-23 18:39:28 | INFO | fairseq.trainer | NOTE: overflow detected, setting loss scale to: 0.5
2020-10-23 18:39:35 | INFO | fairseq.trainer | NOTE: overflow detected, setting loss scale to: 0.25
2020-10-23 18:40:51 | INFO | fairseq.trainer | NOTE: overflow detected, setting loss scale to: 0.125
2020-10-23 18:42:03 | INFO | fairseq.trainer | NOTE: overflow detected, setting loss scale to: 0.0625
